Log: Log file open, 03/14/26 13:18:46
Init: Name subsystem initialized
Init: Detected: Microsoft Windows Vista 6.2 (Build: 9200)
Init: Version: 2110
Init: Compiled: Jun 19 2007 13:10:06
Init: Command line: -NoBind
Init: Base directory: D:\ServidorL2\Interface l2eternal\Compilator\Interlude\System\
Init: Character set: Unicode
Log: Bound to Engine.dll
Log: Bound to Core.dll
Init: Object subsystem initialized
Init: CPU Page size=4096, Processors=12
Init: CPU Detected: Unknown processor (AuthenticAMD)
Init: CPU Features: CMov FPU RDTSC PAE MMX SSE
Init: CPU Speed=3594.046420 MHz
Init: Memory total: Phys=2097151K Pagef=4194303K Virt=2097024K
Init: Working set: 32000 / 159000
Log: Bound to Editor.dll
Log: Executing Class Editor.MakeCommandlet
Init: Unreal engine initialized
Heading: ----------------------------Core - Release----------------------------
Heading: ---------------------------Editor - Release---------------------------
Log: Bound to IpDrv.dll
Log: Bound to ALAudio.dll
Log: Bound to Fire.dll
Heading: ---------------------------Engine - Release---------------------------
Heading: --------------------------NWindow - Release---------------------------
Log: Bound to NWindow.dll
Heading: ---------------------------EmuDev - Release---------------------------
Log: Bound to EmuDev.dll
Heading: -------------------------Interface - Release--------------------------
Warning: Failed to load 'Interface.u': Can't find file 'Interface.u'
Warning: Failed loading package: Can't find file 'Interface.u'
Log: Analyzing...
Log: FactoryCreateText: Class with ClassFactoryUC (0 1 ..\Interface\Classes\AbnormalStatusWnd.uc)
Log: Class: AbnormalStatusWnd extends UICommonAPI
Log: Imported: Class Interface.AbnormalStatusWnd
Log: FactoryCreateText: Class with ClassFactoryUC (0 1 ..\Interface\Classes\ActionWnd.uc)
Log: Class: ActionWnd extends UICommonAPI
Log: Imported: Class Interface.ActionWnd
Log: FactoryCreateText: Class with ClassFactoryUC (0 1 ..\Interface\Classes\AutoBuffWnd.uc)
Log: Class: AutoBuffWnd extends UICommonAPI
Log: Imported: Class Interface.AutoBuffWnd
Log: FactoryCreateText: Class with ClassFactoryUC (0 1 ..\Interface\Classes\AutoPotionsWnd.uc)
Log: Class: AutoPotionsWnd extends UICommonAPI
Log: Imported: Class Interface.AutoPotionsWnd
Log: FactoryCreateText: Class with ClassFactoryUC (0 1 ..\Interface\Classes\AutoSkillWnd.uc)
Log: Class: AutoSkillWnd extends UICommonAPI
Log: Imported: Class Interface.AutoSkillWnd
Log: FactoryCreateText: Class with ClassFactoryUC (0 1 ..\Interface\Classes\BenchMarkMenuWnd.uc)
Log: Class: BenchMarkMenuWnd extends UIScript
Log: Imported: Class Interface.BenchMarkMenuWnd
Log: FactoryCreateText: Class with ClassFactoryUC (0 1 ..\Interface\Classes\BoardWnd.uc)
Log: Class: BoardWnd extends UIScript
Log: Imported: Class Interface.BoardWnd
Log: FactoryCreateText: Class with ClassFactoryUC (0 1 ..\Interface\Classes\CalculatorWnd.uc)
Log: Class: CalculatorWnd extends UICommonAPI
Log: Imported: Class Interface.CalculatorWnd
Log: FactoryCreateText: Class with ClassFactoryUC (0 1 ..\Interface\Classes\CharSelectClassicWnd.uc)
Log: Class: CharSelectClassicWnd extends UICommonAPI
Log: Imported: Class Interface.CharSelectClassicWnd
Log: FactoryCreateText: Class with ClassFactoryUC (0 1 ..\Interface\Classes\ChatFilterWnd.uc)
Log: Class: ChatFilterWnd extends UIScript
Log: Imported: Class Interface.ChatFilterWnd
Log: FactoryCreateText: Class with ClassFactoryUC (0 1 ..\Interface\Classes\ChatHideWnd.uc)
Log: Class: ChatHideWnd extends UICommonAPI
Log: Imported: Class Interface.ChatHideWnd
Log: FactoryCreateText: Class with ClassFactoryUC (0 1 ..\Interface\Classes\ChatWaitWnd.uc)
Log: Class: ChatWaitWnd extends UICommonAPI
Log: Imported: Class Interface.ChatWaitWnd
Log: FactoryCreateText: Class with ClassFactoryUC (0 1 ..\Interface\Classes\ChatWnd.uc)
Log: Class: ChatWnd extends UICommonAPI
Log: Imported: Class Interface.ChatWnd
Log: FactoryCreateText: Class with ClassFactoryUC (0 1 ..\Interface\Classes\ClanDrawerWnd.uc)
Log: Class: ClanDrawerWnd extends UIScript
Log: Imported: Class Interface.ClanDrawerWnd
Log: FactoryCreateText: Class with ClassFactoryUC (0 1 ..\Interface\Classes\ClanWnd.uc)
Log: Class: ClanWnd extends UICommonAPI
Log: Imported: Class Interface.ClanWnd
Log: FactoryCreateText: Class with ClassFactoryUC (0 1 ..\Interface\Classes\ContextMenuWnd.uc)
Log: Class: ContextMenuWnd extends UICommonAPI
Log: Imported: Class Interface.ContextMenuWnd
Log: FactoryCreateText: Class with ClassFactoryUC (0 1 ..\Interface\Classes\CouponEventWnd.uc)
Log: Class: CouponEventWnd extends UIScript
Log: Imported: Class Interface.CouponEventWnd
Log: FactoryCreateText: Class with ClassFactoryUC (0 1 ..\Interface\Classes\DeliverWnd.uc)
Log: Class: DeliverWnd extends UICommonAPI
Log: Imported: Class Interface.DeliverWnd
Log: FactoryCreateText: Class with ClassFactoryUC (0 1 ..\Interface\Classes\DetailStatusWnd.uc)
Log: Class: DetailStatusWnd extends UICommonAPI
Log: Imported: Class Interface.DetailStatusWnd
Log: FactoryCreateText: Class with ClassFactoryUC (0 1 ..\Interface\Classes\DialogBox.uc)
Log: Class: DialogBox extends UICommonAPI
Log: Imported: Class Interface.DialogBox
Log: FactoryCreateText: Class with ClassFactoryUC (0 1 ..\Interface\Classes\DropWnd.uc)
Log: Class: DropWnd extends UICommonAPI
Log: Imported: Class Interface.DropWnd
Log: FactoryCreateText: Class with ClassFactoryUC (0 1 ..\Interface\Classes\DuelManager.uc)
Log: Class: DuelManager extends UICommonAPI
Log: Imported: Class Interface.DuelManager
Log: FactoryCreateText: Class with ClassFactoryUC (0 1 ..\Interface\Classes\EulaClassicWnd.uc)
Log: Class: EulaClassicWnd extends UICommonAPI
Log: Imported: Class Interface.EulaClassicWnd
Log: FactoryCreateText: Class with ClassFactoryUC (0 1 ..\Interface\Classes\EventMatchGMFenceWnd.uc)
Log: Class: EventMatchGMFenceWnd extends UICommonAPI
Log: Imported: Class Interface.EventMatchGMFenceWnd
Log: FactoryCreateText: Class with ClassFactoryUC (0 1 ..\Interface\Classes\EventMatchGMMsgWnd.uc)
Log: Class: EventMatchGMMsgWnd extends UICommonAPI
Log: Imported: Class Interface.EventMatchGMMsgWnd
Log: FactoryCreateText: Class with ClassFactoryUC (0 1 ..\Interface\Classes\EventMatchGMWnd.uc)
Log: Class: EventMatchGMWnd extends UICommonAPI
Log: Imported: Class Interface.EventMatchGMWnd
Log: FactoryCreateText: Class with ClassFactoryUC (0 1 ..\Interface\Classes\EventMatchObserverWnd.uc)
Log: Class: EventMatchObserverWnd extends UICommonAPI
Log: Imported: Class Interface.EventMatchObserverWnd
Log: FactoryCreateText: Class with ClassFactoryUC (0 1 ..\Interface\Classes\EventMatchSpecialMsgWnd.uc)
Log: Class: EventMatchSpecialMsgWnd extends UICommonAPI
Log: Imported: Class Interface.EventMatchSpecialMsgWnd
Log: FactoryCreateText: Class with ClassFactoryUC (0 1 ..\Interface\Classes\ExpBarWnd.uc)
Log: Class: ExpBarWnd extends UICommonAPI
Log: Imported: Class Interface.ExpBarWnd
Log: FactoryCreateText: Class with ClassFactoryUC (0 1 ..\Interface\Classes\FishViewportWnd.uc)
Log: Class: FishViewportWnd extends UICommonAPI
Log: Imported: Class Interface.FishViewportWnd
Log: FactoryCreateText: Class with ClassFactoryUC (0 1 ..\Interface\Classes\GametipWnd.uc)
Log: Class: GametipWnd extends UIScript
Log: Imported: Class Interface.GametipWnd
Log: FactoryCreateText: Class with ClassFactoryUC (0 1 ..\Interface\Classes\GMClanWnd.uc)
Log: Class: GMClanWnd extends ClanWnd
Log: Imported: Class Interface.GMClanWnd
Log: FactoryCreateText: Class with ClassFactoryUC (0 1 ..\Interface\Classes\GMDetailStatusWnd.uc)
Log: Class: GMDetailStatusWnd extends DetailStatusWnd
Log: Imported: Class Interface.GMDetailStatusWnd
Log: FactoryCreateText: Class with ClassFactoryUC (0 1 ..\Interface\Classes\GMFindTreeWnd.uc)
Log: Class: GMFindTreeWnd extends UICommonAPI
Log: Imported: Class Interface.GMFindTreeWnd
Log: FactoryCreateText: Class with ClassFactoryUC (0 1 ..\Interface\Classes\GMInventoryWnd.uc)
Log: Class: GMInventoryWnd extends InventoryWnd
Log: Imported: Class Interface.GMInventoryWnd
Log: FactoryCreateText: Class with ClassFactoryUC (0 1 ..\Interface\Classes\GMMagicSkillWnd.uc)
Log: Class: GMMagicSkillWnd extends MagicSkillWnd
Log: Imported: Class Interface.GMMagicSkillWnd
Log: FactoryCreateText: Class with ClassFactoryUC (0 1 ..\Interface\Classes\GMQuestWnd.uc)
Log: Class: GMQuestWnd extends QuestTreeWnd
Log: Imported: Class Interface.GMQuestWnd
Log: FactoryCreateText: Class with ClassFactoryUC (0 1 ..\Interface\Classes\GMSnoopWnd.uc)
Log: Class: GMSnoopWnd extends UICommonAPI
Log: Imported: Class Interface.GMSnoopWnd
Log: FactoryCreateText: Class with ClassFactoryUC (0 1 ..\Interface\Classes\GMWarehouseWnd.uc)
Log: Class: GMWarehouseWnd extends WarehouseWnd
Log: Imported: Class Interface.GMWarehouseWnd
Log: FactoryCreateText: Class with ClassFactoryUC (0 1 ..\Interface\Classes\GMWnd.uc)
Log: Class: GMWnd extends UICommonAPI
Log: Imported: Class Interface.GMWnd
Log: FactoryCreateText: Class with ClassFactoryUC (0 1 ..\Interface\Classes\GuideWnd.uc)
Log: Class: GuideWnd extends UIScript
Log: Imported: Class Interface.GuideWnd
Log: FactoryCreateText: Class with ClassFactoryUC (0 1 ..\Interface\Classes\HelpHtmlWnd.uc)
Log: Class: HelpHtmlWnd extends UIScript
Log: Imported: Class Interface.HelpHtmlWnd
Log: FactoryCreateText: Class with ClassFactoryUC (0 1 ..\Interface\Classes\HennaInfoWnd.uc)
Log: Class: HennaInfoWnd extends UIScript
Log: Imported: Class Interface.HennaInfoWnd
Log: FactoryCreateText: Class with ClassFactoryUC (0 1 ..\Interface\Classes\HennaListWnd.uc)
Log: Class: HennaListWnd extends UICommonAPI
Log: Imported: Class Interface.HennaListWnd
Log: FactoryCreateText: Class with ClassFactoryUC (0 1 ..\Interface\Classes\HeroTowerWnd.uc)
Log: Class: HeroTowerWnd extends UIScript
Log: Imported: Class Interface.HeroTowerWnd
Log: FactoryCreateText: Class with ClassFactoryUC (0 1 ..\Interface\Classes\InventoryWnd.uc)
Log: Class: InventoryWnd extends UICommonAPI
Log: Imported: Class Interface.InventoryWnd
Log: FactoryCreateText: Class with ClassFactoryUC (0 1 ..\Interface\Classes\InviteClanPopWnd.uc)
Log: Class: InviteClanPopWnd extends UIScript
Log: Imported: Class Interface.InviteClanPopWnd
Log: FactoryCreateText: Class with ClassFactoryUC (0 1 ..\Interface\Classes\ItemEnchantClassicWnd.uc)
Log: Class: ItemEnchantClassicWnd extends UICommonAPI
Log: Imported: Class Interface.ItemEnchantClassicWnd
Log: FactoryCreateText: Class with ClassFactoryUC (0 1 ..\Interface\Classes\ItemEnchantWnd.uc)
Log: Class: ItemEnchantWnd extends UICommonAPI
Log: Imported: Class Interface.ItemEnchantWnd
Log: FactoryCreateText: Class with ClassFactoryUC (0 1 ..\Interface\Classes\L2Util.uc)
Log: Class: L2Util extends UICommonAPI
Log: Imported: Class Interface.L2Util
Log: FactoryCreateText: Class with ClassFactoryUC (0 1 ..\Interface\Classes\LoadingAniWnd.uc)
Log: Class: LoadingAniWnd extends UICommonAPI
Log: Imported: Class Interface.LoadingAniWnd
Log: FactoryCreateText: Class with ClassFactoryUC (0 1 ..\Interface\Classes\LoadingWnd.uc)
Log: Class: LoadingWnd extends UIScript
Log: Imported: Class Interface.LoadingWnd
Log: FactoryCreateText: Class with ClassFactoryUC (0 1 ..\Interface\Classes\MacroEditWnd.uc)
Log: Class: MacroEditWnd extends UICommonAPI
Log: Imported: Class Interface.MacroEditWnd
Log: FactoryCreateText: Class with ClassFactoryUC (0 1 ..\Interface\Classes\MacroInfoWnd.uc)
Log: Class: MacroInfoWnd extends UICommonAPI
Log: Imported: Class Interface.MacroInfoWnd
Log: FactoryCreateText: Class with ClassFactoryUC (0 1 ..\Interface\Classes\MacroListWnd.uc)
Log: Class: MacroListWnd extends UICommonAPI
Log: Imported: Class Interface.MacroListWnd
Log: FactoryCreateText: Class with ClassFactoryUC (0 1 ..\Interface\Classes\MagicSkillWnd.uc)
Log: Class: MagicSkillWnd extends UICommonAPI
Log: Imported: Class Interface.MagicSkillWnd
Log: FactoryCreateText: Class with ClassFactoryUC (0 1 ..\Interface\Classes\MailBtnWnd.uc)
Log: Class: MailBtnWnd extends UICommonAPI
Log: Imported: Class Interface.MailBtnWnd
Log: FactoryCreateText: Class with ClassFactoryUC (0 1 ..\Interface\Classes\MainWnd.uc)
Log: Class: MainWnd extends UIScript
Log: Imported: Class Interface.MainWnd
Log: FactoryCreateText: Class with ClassFactoryUC (0 1 ..\Interface\Classes\ManorCropInfoChangeWnd.uc)
Log: Class: ManorCropInfoChangeWnd extends UICommonAPI
Log: Imported: Class Interface.ManorCropInfoChangeWnd
Log: FactoryCreateText: Class with ClassFactoryUC (0 1 ..\Interface\Classes\ManorCropInfoSettingWnd.uc)
Log: Class: ManorCropInfoSettingWnd extends UICommonAPI
Log: Imported: Class Interface.ManorCropInfoSettingWnd
Log: FactoryCreateText: Class with ClassFactoryUC (0 1 ..\Interface\Classes\ManorCropSellChangeWnd.uc)
Log: Class: ManorCropSellChangeWnd extends UICommonAPI
Log: Imported: Class Interface.ManorCropSellChangeWnd
Log: FactoryCreateText: Class with ClassFactoryUC (0 1 ..\Interface\Classes\ManorCropSellWnd.uc)
Log: Class: ManorCropSellWnd extends UICommonAPI
Log: Imported: Class Interface.ManorCropSellWnd
Log: FactoryCreateText: Class with ClassFactoryUC (0 1 ..\Interface\Classes\ManorInfoWnd.uc)
Log: Class: ManorInfoWnd extends UICommonAPI
Log: Imported: Class Interface.ManorInfoWnd
Log: FactoryCreateText: Class with ClassFactoryUC (0 1 ..\Interface\Classes\ManorSeedInfoChangeWnd.uc)
Log: Class: ManorSeedInfoChangeWnd extends UICommonAPI
Log: Imported: Class Interface.ManorSeedInfoChangeWnd
Log: FactoryCreateText: Class with ClassFactoryUC (0 1 ..\Interface\Classes\ManorSeedInfoSettingWnd.uc)
Log: Class: ManorSeedInfoSettingWnd extends UICommonAPI
Log: Imported: Class Interface.ManorSeedInfoSettingWnd
Log: FactoryCreateText: Class with ClassFactoryUC (0 1 ..\Interface\Classes\ManorShopWnd.uc)
Log: Class: ManorShopWnd extends ShopWnd
Log: Imported: Class Interface.ManorShopWnd
Log: FactoryCreateText: Class with ClassFactoryUC (0 1 ..\Interface\Classes\MenuWnd.uc)
Log: Class: MenuWnd extends UICommonAPI
Log: Imported: Class Interface.MenuWnd
Log: FactoryCreateText: Class with ClassFactoryUC (0 1 ..\Interface\Classes\MinimapWnd.uc)
Log: Class: MinimapWnd extends UICommonAPI
Log: Imported: Class Interface.MinimapWnd
Log: FactoryCreateText: Class with ClassFactoryUC (0 1 ..\Interface\Classes\MinimapWnd_Expand.uc)
Log: Class: MinimapWnd_Expand extends UICommonAPI
Log: Imported: Class Interface.MinimapWnd_Expand
Log: FactoryCreateText: Class with ClassFactoryUC (0 1 ..\Interface\Classes\MultiSellWnd.uc)
Log: Class: MultiSellWnd extends UICommonAPI
Log: Imported: Class Interface.MultiSellWnd
Log: FactoryCreateText: Class with ClassFactoryUC (0 1 ..\Interface\Classes\NewDropWnd.uc)
Log: Class: NewDropWnd extends UICommonAPI
Log: Imported: Class Interface.NewDropWnd
Log: FactoryCreateText: Class with ClassFactoryUC (0 1 ..\Interface\Classes\NoticeWnd.uc)
Log: Class: NoticeWnd extends UICommonAPI
Log: Imported: Class Interface.NoticeWnd
Log: FactoryCreateText: Class with ClassFactoryUC (0 1 ..\Interface\Classes\ObserverWnd.uc)
Log: Class: ObserverWnd extends UICommonAPI
Log: Imported: Class Interface.ObserverWnd
Log: FactoryCreateText: Class with ClassFactoryUC (0 1 ..\Interface\Classes\OlympiadBuff1Wnd.uc)
Log: Class: OlympiadBuff1Wnd extends OlympiadBuffWnd
Log: Imported: Class Interface.OlympiadBuff1Wnd
Log: FactoryCreateText: Class with ClassFactoryUC (0 1 ..\Interface\Classes\OlympiadBuff2Wnd.uc)
Log: Class: OlympiadBuff2Wnd extends OlympiadBuffWnd
Log: Imported: Class Interface.OlympiadBuff2Wnd
Log: FactoryCreateText: Class with ClassFactoryUC (0 1 ..\Interface\Classes\OlympiadBuffWnd.uc)
Log: Class: OlympiadBuffWnd extends UIScript
Log: Imported: Class Interface.OlympiadBuffWnd
Log: FactoryCreateText: Class with ClassFactoryUC (0 1 ..\Interface\Classes\OlympiadControlWnd.uc)
Log: Class: OlympiadControlWnd extends UIScript
Log: Imported: Class Interface.OlympiadControlWnd
Log: FactoryCreateText: Class with ClassFactoryUC (0 1 ..\Interface\Classes\OlympiadPlayer1Wnd.uc)
Log: Class: OlympiadPlayer1Wnd extends OlympiadPlayerWnd
Log: Imported: Class Interface.OlympiadPlayer1Wnd
Log: FactoryCreateText: Class with ClassFactoryUC (0 1 ..\Interface\Classes\OlympiadPlayer2Wnd.uc)
Log: Class: OlympiadPlayer2Wnd extends OlympiadPlayerWnd
Log: Imported: Class Interface.OlympiadPlayer2Wnd
Log: FactoryCreateText: Class with ClassFactoryUC (0 1 ..\Interface\Classes\OlympiadPlayerWnd.uc)
Log: Class: OlympiadPlayerWnd extends UIScript
Log: Imported: Class Interface.OlympiadPlayerWnd
Log: FactoryCreateText: Class with ClassFactoryUC (0 1 ..\Interface\Classes\OlympiadTargetWnd.uc)
Log: Class: OlympiadTargetWnd extends UIScript
Log: Imported: Class Interface.OlympiadTargetWnd
Log: FactoryCreateText: Class with ClassFactoryUC (0 1 ..\Interface\Classes\OMGAutoPotionsWnd.uc)
Log: Class: OMGAutoPotionsWnd extends UICommonAPI
Log: Imported: Class Interface.OMGAutoPotionsWnd
Log: FactoryCreateText: Class with ClassFactoryUC (0 1 ..\Interface\Classes\OMGRadarMapWnd.uc)
Log: Class: OMGRadarMapWnd extends UICommonAPI
Log: Imported: Class Interface.OMGRadarMapWnd
Log: FactoryCreateText: Class with ClassFactoryUC (0 1 ..\Interface\Classes\OMGSkillGauge.uc)
Log: Class: OMGSkillGauge extends UICommonAPI
Log: Imported: Class Interface.OMGSkillGauge
Log: FactoryCreateText: Class with ClassFactoryUC (0 1 ..\Interface\Classes\OnScreenDamageWnd.uc)
Log: Class: OnScreenDamageWnd extends UICommonAPI
Log: Imported: Class Interface.OnScreenDamageWnd
Log: FactoryCreateText: Class with ClassFactoryUC (0 1 ..\Interface\Classes\OnScreenMessageWnd.uc)
Log: Class: OnScreenMessageWnd extends UIScript
Log: Imported: Class Interface.OnScreenMessageWnd
Log: FactoryCreateText: Class with ClassFactoryUC (0 1 ..\Interface\Classes\OptionWnd.uc)
Log: Class: OptionWnd extends UICommonAPI
Log: Imported: Class Interface.OptionWnd
Log: FactoryCreateText: Class with ClassFactoryUC (0 1 ..\Interface\Classes\PartyMatchMakeRoomWnd.uc)
Log: Class: PartyMatchMakeRoomWnd extends UIScript
Log: Imported: Class Interface.PartyMatchMakeRoomWnd
Log: FactoryCreateText: Class with ClassFactoryUC (0 1 ..\Interface\Classes\PartyMatchOutWaitListWnd.uc)
Log: Class: PartyMatchOutWaitListWnd extends PartyMatchWndCommon
Log: Imported: Class Interface.PartyMatchOutWaitListWnd
Log: FactoryCreateText: Class with ClassFactoryUC (0 1 ..\Interface\Classes\PartyMatchRoomWnd.uc)
Log: Class: PartyMatchRoomWnd extends PartyMatchWndCommon
Log: Imported: Class Interface.PartyMatchRoomWnd
Log: FactoryCreateText: Class with ClassFactoryUC (0 1 ..\Interface\Classes\PartyMatchWaitListWnd.uc)
Log: Class: PartyMatchWaitListWnd extends PartyMatchWndCommon
Log: Imported: Class Interface.PartyMatchWaitListWnd
Log: FactoryCreateText: Class with ClassFactoryUC (0 1 ..\Interface\Classes\PartyMatchWnd.uc)
Log: Class: PartyMatchWnd extends UIScript
Log: Imported: Class Interface.PartyMatchWnd
Log: FactoryCreateText: Class with ClassFactoryUC (0 1 ..\Interface\Classes\PartyMatchWndCommon.uc)
Log: Class: PartyMatchWndCommon extends UIScript
Log: Imported: Class Interface.PartyMatchWndCommon
Log: FactoryCreateText: Class with ClassFactoryUC (0 1 ..\Interface\Classes\PartyWnd.uc)
Log: Class: PartyWnd extends UICommonAPI
Log: Imported: Class Interface.PartyWnd
Log: FactoryCreateText: Class with ClassFactoryUC (0 1 ..\Interface\Classes\PartyWndCompact.uc)
Log: Class: PartyWndCompact extends UICommonAPI
Log: Imported: Class Interface.PartyWndCompact
Log: FactoryCreateText: Class with ClassFactoryUC (0 1 ..\Interface\Classes\PartyWndOption.uc)
Log: Class: PartyWndOption extends UIScript
Log: Imported: Class Interface.PartyWndOption
Log: FactoryCreateText: Class with ClassFactoryUC (0 1 ..\Interface\Classes\PCCafeEventWnd.uc)
Log: Class: PCCafeEventWnd extends UICommonAPI
Log: Imported: Class Interface.PCCafeEventWnd
Log: FactoryCreateText: Class with ClassFactoryUC (0 1 ..\Interface\Classes\PetitionFeedBackWnd.uc)
Log: Class: PetitionFeedBackWnd extends UICommonAPI
Log: Imported: Class Interface.PetitionFeedBackWnd
Log: FactoryCreateText: Class with ClassFactoryUC (0 1 ..\Interface\Classes\PetitionWnd.uc)
Log: Class: PetitionWnd extends UICommonAPI
Log: Imported: Class Interface.PetitionWnd
Log: FactoryCreateText: Class with ClassFactoryUC (0 1 ..\Interface\Classes\PetStatusWnd.uc)
Log: Class: PetStatusWnd extends UIScript
Log: Imported: Class Interface.PetStatusWnd
Log: FactoryCreateText: Class with ClassFactoryUC (0 1 ..\Interface\Classes\PetWnd.uc)
Log: Class: PetWnd extends UICommonAPI
Log: Imported: Class Interface.PetWnd
Log: FactoryCreateText: Class with ClassFactoryUC (0 1 ..\Interface\Classes\PrivateShopWnd.uc)
Log: Class: PrivateShopWnd extends UICommonAPI
Log: Imported: Class Interface.PrivateShopWnd
Log: FactoryCreateText: Class with ClassFactoryUC (0 1 ..\Interface\Classes\QuestAlarmWnd.uc)
Log: Class: QuestAlarmWnd extends UICommonAPI
Log: Imported: Class Interface.QuestAlarmWnd
Log: FactoryCreateText: Class with ClassFactoryUC (0 1 ..\Interface\Classes\QuestBtnWnd.uc)
Log: Class: QuestBtnWnd extends UICommonAPI
Log: Imported: Class Interface.QuestBtnWnd
Log: FactoryCreateText: Class with ClassFactoryUC (0 1 ..\Interface\Classes\QuestListWnd.uc)
Log: Class: QuestListWnd extends UIScript
Log: Imported: Class Interface.QuestListWnd
Log: FactoryCreateText: Class with ClassFactoryUC (0 1 ..\Interface\Classes\QuestTreeWnd.uc)
Log: Class: QuestTreeWnd extends UICommonAPI
Log: Imported: Class Interface.QuestTreeWnd
Log: FactoryCreateText: Class with ClassFactoryUC (0 1 ..\Interface\Classes\QuitReportDrawerWnd.uc)
Log: Class: QuitReportDrawerWnd extends UICommonAPI
Log: Imported: Class Interface.QuitReportDrawerWnd
Log: FactoryCreateText: Class with ClassFactoryUC (0 1 ..\Interface\Classes\QuitReportWnd.uc)
Log: Class: QuitReportWnd extends UICommonAPI
Log: Imported: Class Interface.QuitReportWnd
Log: FactoryCreateText: Class with ClassFactoryUC (0 1 ..\Interface\Classes\RadarContainerWnd.uc)
Log: Class: RadarContainerWnd extends UIScript
Log: Imported: Class Interface.RadarContainerWnd
Log: FactoryCreateText: Class with ClassFactoryUC (0 1 ..\Interface\Classes\RadarWnd.uc)
Log: Class: RadarWnd extends UIScript
Log: Imported: Class Interface.RadarWnd
Log: FactoryCreateText: Class with ClassFactoryUC (0 1 ..\Interface\Classes\RecipeBookWnd.uc)
Log: Class: RecipeBookWnd extends UICommonAPI
Log: Imported: Class Interface.RecipeBookWnd
Log: FactoryCreateText: Class with ClassFactoryUC (0 1 ..\Interface\Classes\RecipeBuyListWnd.uc)
Log: Class: RecipeBuyListWnd extends UIScript
Log: Imported: Class Interface.RecipeBuyListWnd
Log: FactoryCreateText: Class with ClassFactoryUC (0 1 ..\Interface\Classes\RecipeBuyManufactureWnd.uc)
Log: Class: RecipeBuyManufactureWnd extends UIScript
Log: Imported: Class Interface.RecipeBuyManufactureWnd
Log: FactoryCreateText: Class with ClassFactoryUC (0 1 ..\Interface\Classes\RecipeManufactureWnd.uc)
Log: Class: RecipeManufactureWnd extends UIScript
Log: Imported: Class Interface.RecipeManufactureWnd
Log: FactoryCreateText: Class with ClassFactoryUC (0 1 ..\Interface\Classes\RecipeShopWnd.uc)
Log: Class: RecipeShopWnd extends UICommonAPI
Log: Imported: Class Interface.RecipeShopWnd
Log: FactoryCreateText: Class with ClassFactoryUC (0 1 ..\Interface\Classes\RecipeTreeWnd.uc)
Log: Class: RecipeTreeWnd extends UICommonAPI
Log: Imported: Class Interface.RecipeTreeWnd
Log: FactoryCreateText: Class with ClassFactoryUC (0 1 ..\Interface\Classes\RefineryWnd.uc)
Log: Class: RefineryWnd extends UICommonAPI
Log: Imported: Class Interface.RefineryWnd
Log: FactoryCreateText: Class with ClassFactoryUC (0 1 ..\Interface\Classes\ReplayListWnd.uc)
Log: Class: ReplayListWnd extends UIScript
Log: Imported: Class Interface.ReplayListWnd
Log: FactoryCreateText: Class with ClassFactoryUC (0 1 ..\Interface\Classes\ReplayLogoWnd.uc)
Log: Class: ReplayLogoWnd extends UIScript
Log: Imported: Class Interface.ReplayLogoWnd
Log: FactoryCreateText: Class with ClassFactoryUC (0 1 ..\Interface\Classes\ReplayLogoWnd_cn.uc)
Log: Class: ReplayLogoWnd_cn extends ReplayLogoWnd
Log: Imported: Class Interface.ReplayLogoWnd_cn
Log: FactoryCreateText: Class with ClassFactoryUC (0 1 ..\Interface\Classes\ReplayLogoWnd_e.uc)
Log: Class: ReplayLogoWnd_e extends ReplayLogoWnd
Log: Imported: Class Interface.ReplayLogoWnd_e
Log: FactoryCreateText: Class with ClassFactoryUC (0 1 ..\Interface\Classes\ReplayLogoWnd_j.uc)
Log: Class: ReplayLogoWnd_j extends ReplayLogoWnd
Log: Imported: Class Interface.ReplayLogoWnd_j
Log: FactoryCreateText: Class with ClassFactoryUC (0 1 ..\Interface\Classes\ReplayLogoWnd_k.uc)
Log: Class: ReplayLogoWnd_k extends ReplayLogoWnd
Log: Imported: Class Interface.ReplayLogoWnd_k
Log: FactoryCreateText: Class with ClassFactoryUC (0 1 ..\Interface\Classes\ReplayLogoWnd_th.uc)
Log: Class: ReplayLogoWnd_th extends ReplayLogoWnd
Log: Imported: Class Interface.ReplayLogoWnd_th
Log: FactoryCreateText: Class with ClassFactoryUC (0 1 ..\Interface\Classes\ReplayLogoWnd_tw.uc)
Log: Class: ReplayLogoWnd_tw extends ReplayLogoWnd
Log: Imported: Class Interface.ReplayLogoWnd_tw
Log: FactoryCreateText: Class with ClassFactoryUC (0 1 ..\Interface\Classes\RestartMenuWnd.uc)
Log: Class: RestartMenuWnd extends UICommonAPI
Log: Imported: Class Interface.RestartMenuWnd
Log: FactoryCreateText: Class with ClassFactoryUC (0 1 ..\Interface\Classes\SelectDeliverWnd.uc)
Log: Class: SelectDeliverWnd extends UICommonAPI
Log: Imported: Class Interface.SelectDeliverWnd
Log: FactoryCreateText: Class with ClassFactoryUC (0 1 ..\Interface\Classes\ServerClassicWnd.uc)
Log: Class: ServerClassicWnd extends UICommonAPI
Log: Imported: Class Interface.ServerClassicWnd
Log: FactoryCreateText: Class with ClassFactoryUC (0 1 ..\Interface\Classes\ShopWnd.uc)
Log: Class: ShopWnd extends UICommonAPI
Log: Imported: Class Interface.ShopWnd
Log: FactoryCreateText: Class with ClassFactoryUC (0 1 ..\Interface\Classes\Shortcut.uc)
Log: Class: Shortcut extends UIScript
Log: Imported: Class Interface.Shortcut
Log: FactoryCreateText: Class with ClassFactoryUC (0 1 ..\Interface\Classes\ShortcutWnd.uc)
Log: Class: ShortcutWnd extends UICommonAPI
Log: Imported: Class Interface.ShortcutWnd
Log: FactoryCreateText: Class with ClassFactoryUC (0 1 ..\Interface\Classes\SideBarWnd.uc)
Log: Class: SideBarWnd extends UICommonAPI
Log: Imported: Class Interface.SideBarWnd
Log: FactoryCreateText: Class with ClassFactoryUC (0 1 ..\Interface\Classes\SiegeInfoWnd.uc)
Log: Class: SiegeInfoWnd extends UICommonAPI
Log: Imported: Class Interface.SiegeInfoWnd
Log: FactoryCreateText: Class with ClassFactoryUC (0 1 ..\Interface\Classes\SkillTrainInfoWnd.uc)
Log: Class: SkillTrainInfoWnd extends UICommonAPI
Log: Imported: Class Interface.SkillTrainInfoWnd
Log: FactoryCreateText: Class with ClassFactoryUC (0 1 ..\Interface\Classes\SkillTrainListWnd.uc)
Log: Class: SkillTrainListWnd extends UICommonAPI
Log: Imported: Class Interface.SkillTrainListWnd
Log: FactoryCreateText: Class with ClassFactoryUC (0 1 ..\Interface\Classes\SSQMainBoard.uc)
Log: Class: SSQMainBoard extends UIScript
Log: Imported: Class Interface.SSQMainBoard
Log: FactoryCreateText: Class with ClassFactoryUC (0 1 ..\Interface\Classes\StatusWnd.uc)
Log: Class: StatusWnd extends UICommonAPI
Log: Imported: Class Interface.StatusWnd
Log: FactoryCreateText: Class with ClassFactoryUC (0 1 ..\Interface\Classes\SummonedStatusWnd.uc)
Log: Class: SummonedStatusWnd extends UIScript
Log: Imported: Class Interface.SummonedStatusWnd
Log: FactoryCreateText: Class with ClassFactoryUC (0 1 ..\Interface\Classes\SummonedWnd.uc)
Log: Class: SummonedWnd extends UIScript
Log: Imported: Class Interface.SummonedWnd
Log: FactoryCreateText: Class with ClassFactoryUC (0 1 ..\Interface\Classes\SystemMenuWnd.uc)
Log: Class: SystemMenuWnd extends UICommonAPI
Log: Imported: Class Interface.SystemMenuWnd
Log: FactoryCreateText: Class with ClassFactoryUC (0 1 ..\Interface\Classes\SystemMsgWnd.uc)
Log: Class: SystemMsgWnd extends UIScript
Log: Imported: Class Interface.SystemMsgWnd
Log: FactoryCreateText: Class with ClassFactoryUC (0 1 ..\Interface\Classes\TargetStatusWnd.uc)
Log: Class: TargetStatusWnd extends UICommonAPI
Log: Imported: Class Interface.TargetStatusWnd
Log: FactoryCreateText: Class with ClassFactoryUC (0 1 ..\Interface\Classes\TeaserSlideWnd.uc)
Log: Class: TeaserSlideWnd extends UICommonAPI
Log: Imported: Class Interface.TeaserSlideWnd
Log: FactoryCreateText: Class with ClassFactoryUC (0 1 ..\Interface\Classes\TeaserSlideWnd_cn.uc)
Log: Class: TeaserSlideWnd_cn extends TeaserSlideWnd
Log: Imported: Class Interface.TeaserSlideWnd_cn
Log: FactoryCreateText: Class with ClassFactoryUC (0 1 ..\Interface\Classes\TeaserSlideWnd_e.uc)
Log: Class: TeaserSlideWnd_e extends TeaserSlideWnd
Log: Imported: Class Interface.TeaserSlideWnd_e
Log: FactoryCreateText: Class with ClassFactoryUC (0 1 ..\Interface\Classes\TeaserSlideWnd_j.uc)
Log: Class: TeaserSlideWnd_j extends TeaserSlideWnd
Log: Imported: Class Interface.TeaserSlideWnd_j
Log: FactoryCreateText: Class with ClassFactoryUC (0 1 ..\Interface\Classes\TeaserSlideWnd_ph.uc)
Log: Class: TeaserSlideWnd_ph extends TeaserSlideWnd
Log: Imported: Class Interface.TeaserSlideWnd_ph
Log: FactoryCreateText: Class with ClassFactoryUC (0 1 ..\Interface\Classes\TeaserSlideWnd_th.uc)
Log: Class: TeaserSlideWnd_th extends TeaserSlideWnd
Log: Imported: Class Interface.TeaserSlideWnd_th
Log: FactoryCreateText: Class with ClassFactoryUC (0 1 ..\Interface\Classes\TeaserSlideWnd_tw.uc)
Log: Class: TeaserSlideWnd_tw extends TeaserSlideWnd
Log: Imported: Class Interface.TeaserSlideWnd_tw
Log: FactoryCreateText: Class with ClassFactoryUC (0 1 ..\Interface\Classes\TeleportLoadingWnd.uc)
Log: Class: TeleportLoadingWnd extends UICommonAPI
Log: Imported: Class Interface.TeleportLoadingWnd
Log: FactoryCreateText: Class with ClassFactoryUC (0 1 ..\Interface\Classes\ToolTip.uc)
Log: Class: ToolTip extends UICommonAPI
Log: Imported: Class Interface.ToolTip
Log: FactoryCreateText: Class with ClassFactoryUC (0 1 ..\Interface\Classes\TownMapWnd.uc)
Log: Class: TownMapWnd extends UIScript
Log: Imported: Class Interface.TownMapWnd
Log: FactoryCreateText: Class with ClassFactoryUC (0 1 ..\Interface\Classes\TradeWnd.uc)
Log: Class: TradeWnd extends UICommonAPI
Log: Imported: Class Interface.TradeWnd
Log: FactoryCreateText: Class with ClassFactoryUC (0 1 ..\Interface\Classes\TrueWnd.uc)
Log: Class: TrueWnd extends UICommonAPI
Log: Imported: Class Interface.TrueWnd
Log: FactoryCreateText: Class with ClassFactoryUC (0 1 ..\Interface\Classes\TutorialBtnWnd.uc)
Log: Class: TutorialBtnWnd extends UICommonAPI
Log: Imported: Class Interface.TutorialBtnWnd
Log: FactoryCreateText: Class with ClassFactoryUC (0 1 ..\Interface\Classes\TutorialViewerWnd.uc)
Log: Class: TutorialViewerWnd extends UICommonAPI
Log: Imported: Class Interface.TutorialViewerWnd
Log: FactoryCreateText: Class with ClassFactoryUC (0 1 ..\Interface\Classes\UICommonAPI.uc)
Log: Class: UICommonAPI extends UIScript
Log: Imported: Class Interface.UICommonAPI
Log: FactoryCreateText: Class with ClassFactoryUC (0 1 ..\Interface\Classes\UnionDetailWnd.uc)
Log: Class: UnionDetailWnd extends UICommonAPI
Log: Imported: Class Interface.UnionDetailWnd
Log: FactoryCreateText: Class with ClassFactoryUC (0 1 ..\Interface\Classes\UnionWnd.uc)
Log: Class: UnionWnd extends UICommonAPI
Log: Imported: Class Interface.UnionWnd
Log: FactoryCreateText: Class with ClassFactoryUC (0 1 ..\Interface\Classes\UnrefineryWnd.uc)
Log: Class: UnrefineryWnd extends UICommonAPI
Log: Imported: Class Interface.UnrefineryWnd
Log: FactoryCreateText: Class with ClassFactoryUC (0 1 ..\Interface\Classes\UserPetitionWnd.uc)
Log: Class: UserPetitionWnd extends UICommonAPI
Log: Imported: Class Interface.UserPetitionWnd
Log: FactoryCreateText: Class with ClassFactoryUC (0 1 ..\Interface\Classes\WarehouseWnd.uc)
Log: Class: WarehouseWnd extends UICommonAPI
Log: Imported: Class Interface.WarehouseWnd
Log: FactoryCreateText: Class with ClassFactoryUC (0 1 ..\Interface\Classes\WhispAlertWnd.uc)
Log: Class: WhispAlertWnd extends UICommonAPI
Log: Imported: Class Interface.WhispAlertWnd
Log: FactoryCreateText: Class with ClassFactoryUC (0 1 ..\Interface\Classes\ZoneTitleWnd.uc)
Log: Class: ZoneTitleWnd extends UICommonAPI
Log: Imported: Class Interface.ZoneTitleWnd
Log: Parsing UICommonAPI
Log: Parsing AbnormalStatusWnd
Log: Parsing ActionWnd
Log: Parsing AutoBuffWnd
Log: Parsing AutoPotionsWnd
Log: Parsing AutoSkillWnd
Log: Parsing CalculatorWnd
Log: Parsing CharSelectClassicWnd
Log: Parsing ChatHideWnd
Log: Parsing ChatWaitWnd
Log: Parsing WhispAlertWnd
Log: Parsing PartyMatchWnd
Log: Parsing ChatWnd
Log: Parsing ClanWnd
Log: Parsing GMClanWnd
Log: Parsing ContextMenuWnd
Log: Parsing DeliverWnd
Log: Parsing DetailStatusWnd
Log: Parsing GMDetailStatusWnd
Log: Parsing DialogBox
Log: Parsing DropWnd
Log: Parsing DuelManager
Log: Parsing EulaClassicWnd
Log: Parsing EventMatchGMFenceWnd
Log: Parsing EventMatchGMMsgWnd
Log: Parsing EventMatchGMWnd
Log: Parsing EventMatchObserverWnd
Log: Parsing EventMatchSpecialMsgWnd
Log: Parsing ExpBarWnd
Log: Parsing FishViewportWnd
Log: Parsing GMFindTreeWnd
Log: Parsing PrivateShopWnd
Log: Parsing QuitReportWnd
Log: Parsing InventoryWnd
Log: Parsing GMInventoryWnd
Log: Parsing MagicSkillWnd
Log: Parsing GMMagicSkillWnd
Log: Parsing QuestTreeWnd
Log: Parsing GMQuestWnd
Log: Parsing GMSnoopWnd
Log: Parsing WarehouseWnd
Log: Parsing GMWarehouseWnd
Log: Parsing GMWnd
Log: Parsing HennaListWnd
Log: Parsing ItemEnchantClassicWnd
Log: Parsing ItemEnchantWnd
Log: Parsing L2Util
Log: Parsing LoadingAniWnd
Log: Parsing MacroEditWnd
Log: Parsing MacroInfoWnd
Log: Parsing MacroListWnd
Log: Parsing MailBtnWnd
Log: Parsing ManorCropInfoChangeWnd
Log: Parsing ManorCropInfoSettingWnd
Log: Parsing ManorCropSellChangeWnd
Log: Parsing ManorCropSellWnd
Log: Parsing ManorInfoWnd
Log: Parsing ManorSeedInfoChangeWnd
Log: Parsing ManorSeedInfoSettingWnd
Log: Parsing ShopWnd
Log: Parsing ManorShopWnd
Log: Parsing MenuWnd
Log: Parsing MinimapWnd
Log: Parsing MinimapWnd_Expand
Log: Parsing MultiSellWnd
Log: Parsing NewDropWnd
Log: Parsing NoticeWnd
Log: Parsing ObserverWnd
Log: Parsing OMGAutoPotionsWnd
Log: Parsing OMGRadarMapWnd
Log: Parsing OMGSkillGauge
Log: Parsing OnScreenDamageWnd
Log: Parsing OptionWnd
Log: Parsing PartyWnd
Log: Parsing PartyWndCompact
Log: Parsing PCCafeEventWnd
Log: Parsing PetitionFeedBackWnd
Log: Parsing PetitionWnd
Log: Parsing PetWnd
Log: Parsing QuestAlarmWnd
Log: Parsing QuestBtnWnd
Log: Parsing QuitReportDrawerWnd
Log: Parsing RecipeBookWnd
Log: Parsing RecipeShopWnd
Log: Parsing RecipeTreeWnd
Log: Parsing RefineryWnd
Log: Parsing RestartMenuWnd
Log: Parsing SelectDeliverWnd
Log: Parsing ServerClassicWnd
Log: Parsing ToolTip
Log: Parsing ShortcutWnd
Log: Parsing SideBarWnd
Log: Parsing SiegeInfoWnd
Log: Parsing SkillTrainInfoWnd
Log: Parsing SkillTrainListWnd
Log: Parsing StatusWnd
Log: Parsing SystemMenuWnd
Log: Parsing TargetStatusWnd
Log: Parsing TeaserSlideWnd
Log: Parsing TeaserSlideWnd_cn
Log: Parsing TeaserSlideWnd_e
Log: Parsing TeaserSlideWnd_j
Log: Parsing TeaserSlideWnd_ph
Log: Parsing TeaserSlideWnd_th
Log: Parsing TeaserSlideWnd_tw
Log: Parsing TeleportLoadingWnd
Log: Parsing TradeWnd
Log: Parsing TrueWnd
Log: Parsing TutorialBtnWnd
Log: Parsing TutorialViewerWnd
Log: Parsing UnionDetailWnd
Log: Parsing UnionWnd
Log: Parsing UnrefineryWnd
Log: Parsing UserPetitionWnd
Log: Parsing ZoneTitleWnd
Log: Parsing BenchMarkMenuWnd
Log: Parsing BoardWnd
Log: Parsing ChatFilterWnd
Log: Parsing ClanDrawerWnd
Log: Parsing CouponEventWnd
Log: Parsing GametipWnd
Log: Parsing GuideWnd
Log: Parsing HelpHtmlWnd
Log: Parsing HennaInfoWnd
Log: Parsing HeroTowerWnd
Log: Parsing InviteClanPopWnd
Log: Parsing LoadingWnd
Log: Parsing MainWnd
Log: Parsing OlympiadBuffWnd
Log: Parsing OlympiadBuff1Wnd
Log: Parsing OlympiadBuff2Wnd
Log: Parsing OlympiadControlWnd
Log: Parsing OlympiadPlayerWnd
Log: Parsing OlympiadPlayer1Wnd
Log: Parsing OlympiadPlayer2Wnd
Log: Parsing OlympiadTargetWnd
Log: Parsing OnScreenMessageWnd
Log: Parsing PartyMatchMakeRoomWnd
Log: Parsing PartyMatchWndCommon
Log: Parsing PartyMatchOutWaitListWnd
Log: Parsing PartyMatchRoomWnd
Log: Parsing PartyMatchWaitListWnd
Log: Parsing PartyWndOption
Log: Parsing PetStatusWnd
Log: Parsing QuestListWnd
Log: Parsing RadarContainerWnd
Log: Parsing RadarWnd
Log: Parsing RecipeBuyListWnd
Log: Parsing RecipeBuyManufactureWnd
Log: Parsing RecipeManufactureWnd
Log: Parsing ReplayListWnd
Log: Parsing ReplayLogoWnd
Log: Parsing ReplayLogoWnd_cn
Log: Parsing ReplayLogoWnd_e
Log: Parsing ReplayLogoWnd_j
Log: Parsing ReplayLogoWnd_k
Log: Parsing ReplayLogoWnd_th
Log: Parsing ReplayLogoWnd_tw
Log: Parsing Shortcut
Log: Parsing SSQMainBoard
Log: Parsing SummonedStatusWnd
Log: Parsing SummonedWnd
Log: Parsing SystemMsgWnd
Log: Parsing TownMapWnd
Log: Compiling UICommonAPI
Log: Compiling AbnormalStatusWnd
Log: Compiling ActionWnd
Log: Compiling AutoBuffWnd
Log: Compiling AutoPotionsWnd
Log: Compiling AutoSkillWnd
Log: Compiling CalculatorWnd
Log: Compiling CharSelectClassicWnd
Log: Compiling ChatHideWnd
Log: Compiling ChatWaitWnd
Log: Compiling ChatWnd
Log: Compiling ClanWnd
Log: Compiling GMClanWnd
Log: Compiling ContextMenuWnd
Log: Compiling DeliverWnd
Log: Compiling DetailStatusWnd
Log: Compiling GMDetailStatusWnd
Log: Compiling DialogBox
Log: Compiling DropWnd
Log: Compiling DuelManager
Log: Compiling EulaClassicWnd
Log: Compiling EventMatchGMFenceWnd
Log: Compiling EventMatchGMMsgWnd
Log: Compiling EventMatchGMWnd
Log: Compiling EventMatchObserverWnd
Log: Compiling EventMatchSpecialMsgWnd
Log: Compiling ExpBarWnd
Log: Compiling FishViewportWnd
Log: Compiling GMFindTreeWnd
Log: Compiling InventoryWnd
Log: Compiling GMInventoryWnd
Log: Compiling MagicSkillWnd
Log: Compiling GMMagicSkillWnd
Log: Compiling QuestTreeWnd
Log: Compiling GMQuestWnd
Log: Compiling GMSnoopWnd
Log: Compiling WarehouseWnd
Log: Compiling GMWarehouseWnd
Log: Compiling GMWnd
Log: Compiling HennaListWnd
Log: Compiling ItemEnchantClassicWnd
Log: Compiling ItemEnchantWnd
Log: Compiling L2Util
Log: Compiling LoadingAniWnd
Log: Compiling MacroEditWnd
Log: Compiling MacroInfoWnd
Log: Compiling MacroListWnd
Log: Compiling MailBtnWnd
Log: Compiling ManorCropInfoChangeWnd
Log: Compiling ManorCropInfoSettingWnd
Log: Compiling ManorCropSellChangeWnd
Log: Compiling ManorCropSellWnd
Log: Compiling ManorInfoWnd
Log: Compiling ManorSeedInfoChangeWnd
Log: Compiling ManorSeedInfoSettingWnd
Log: Compiling ShopWnd
Log: Compiling ManorShopWnd
Log: Compiling MenuWnd
Log: Compiling MinimapWnd
Log: Compiling MinimapWnd_Expand
Log: Compiling MultiSellWnd
Log: Compiling NewDropWnd
Log: Compiling NoticeWnd
Log: Compiling ObserverWnd
Log: Compiling OMGAutoPotionsWnd
Log: Compiling OMGRadarMapWnd
Log: Compiling OMGSkillGauge
Log: Compiling OnScreenDamageWnd
Log: Compiling OptionWnd
Log: Compiling PartyWnd
Log: Compiling PartyWndCompact
Log: Compiling PCCafeEventWnd
Log: Compiling PetitionFeedBackWnd
Log: Compiling PetitionWnd
Log: Compiling PetWnd
Log: Compiling PrivateShopWnd
Log: Compiling QuestAlarmWnd
Log: Compiling QuestBtnWnd
Log: Compiling QuitReportDrawerWnd
Log: Compiling QuitReportWnd
Log: Compiling RecipeBookWnd
Log: Compiling RecipeShopWnd
Log: Compiling RecipeTreeWnd
Log: Compiling RefineryWnd
Log: Compiling RestartMenuWnd
Log: Compiling SelectDeliverWnd
Log: Compiling ServerClassicWnd
Log: Compiling ShortcutWnd
Log: Compiling SideBarWnd
Log: Compiling SiegeInfoWnd
Log: Compiling SkillTrainInfoWnd
Log: Compiling SkillTrainListWnd
Log: Compiling StatusWnd
Log: Compiling SystemMenuWnd
Log: Compiling TargetStatusWnd
Log: Compiling TeaserSlideWnd
Log: Compiling TeaserSlideWnd_cn
Log: Compiling TeaserSlideWnd_e
Log: Compiling TeaserSlideWnd_j
Log: Compiling TeaserSlideWnd_ph
Log: Compiling TeaserSlideWnd_th
Log: Compiling TeaserSlideWnd_tw
Log: Compiling TeleportLoadingWnd
Log: Compiling ToolTip
Log: Compiling TradeWnd
Log: Compiling TrueWnd
Log: Compiling TutorialBtnWnd
Log: Compiling TutorialViewerWnd
Log: Compiling UnionDetailWnd
Log: Compiling UnionWnd
Log: Compiling UnrefineryWnd
Log: Compiling UserPetitionWnd
Log: Compiling WhispAlertWnd
Log: Compiling ZoneTitleWnd
Log: Compiling BenchMarkMenuWnd
Log: Compiling BoardWnd
Log: Compiling ChatFilterWnd
Log: Compiling ClanDrawerWnd
Log: Compiling CouponEventWnd
Log: Compiling GametipWnd
Log: Compiling GuideWnd
Log: Compiling HelpHtmlWnd
Log: Compiling HennaInfoWnd
Log: Compiling HeroTowerWnd
Log: Compiling InviteClanPopWnd
Log: Compiling LoadingWnd
Log: Compiling MainWnd
Log: Compiling OlympiadBuffWnd
Log: Compiling OlympiadBuff1Wnd
Log: Compiling OlympiadBuff2Wnd
Log: Compiling OlympiadControlWnd
Log: Compiling OlympiadPlayerWnd
Log: Compiling OlympiadPlayer1Wnd
Log: Compiling OlympiadPlayer2Wnd
Log: Compiling OlympiadTargetWnd
Log: Compiling OnScreenMessageWnd
Log: Compiling PartyMatchMakeRoomWnd
Log: Compiling PartyMatchWndCommon
Log: Compiling PartyMatchOutWaitListWnd
Log: Compiling PartyMatchRoomWnd
Log: Compiling PartyMatchWaitListWnd
Log: Compiling PartyMatchWnd
Log: Compiling PartyWndOption
Log: Compiling PetStatusWnd
Log: Compiling QuestListWnd
Log: Compiling RadarContainerWnd
Log: Compiling RadarWnd
Log: Compiling RecipeBuyListWnd
Log: Compiling RecipeBuyManufactureWnd
Log: Compiling RecipeManufactureWnd
Log: Compiling ReplayListWnd
Log: Compiling ReplayLogoWnd
Log: Compiling ReplayLogoWnd_cn
Log: Compiling ReplayLogoWnd_e
Log: Compiling ReplayLogoWnd_j
Log: Compiling ReplayLogoWnd_k
Log: Compiling ReplayLogoWnd_th
Log: Compiling ReplayLogoWnd_tw
Log: Compiling Shortcut
Log: Compiling SSQMainBoard
Log: Compiling SummonedStatusWnd
Log: Compiling SummonedWnd
Log: Compiling SystemMsgWnd
Log: Compiling TownMapWnd
Log: Importing Defaults for UICommonAPI
Log: Importing Defaults for AbnormalStatusWnd
Log: Importing Defaults for ActionWnd
Log: Importing Defaults for AutoBuffWnd
Log: Importing Defaults for AutoPotionsWnd
Log: Importing Defaults for AutoSkillWnd
Log: Importing Defaults for CalculatorWnd
Log: Importing Defaults for CharSelectClassicWnd
Log: Importing Defaults for ChatHideWnd
Log: Importing Defaults for ChatWaitWnd
Log: Importing Defaults for ChatWnd
Log: Importing Defaults for ClanWnd
Log: Importing Defaults for GMClanWnd
Log: Importing Defaults for ContextMenuWnd
Log: Importing Defaults for DeliverWnd
Log: Importing Defaults for DetailStatusWnd
Log: Importing Defaults for GMDetailStatusWnd
Log: Importing Defaults for DialogBox
Log: Importing Defaults for DropWnd
Log: Importing Defaults for DuelManager
Log: Importing Defaults for EulaClassicWnd
Log: Importing Defaults for EventMatchGMFenceWnd
Log: Importing Defaults for EventMatchGMMsgWnd
Log: Importing Defaults for EventMatchGMWnd
Log: Importing Defaults for EventMatchObserverWnd
Log: Importing Defaults for EventMatchSpecialMsgWnd
Log: Importing Defaults for ExpBarWnd
Log: Importing Defaults for FishViewportWnd
Log: Importing Defaults for GMFindTreeWnd
Log: Importing Defaults for InventoryWnd
Log: Importing Defaults for GMInventoryWnd
Log: Importing Defaults for MagicSkillWnd
Log: Importing Defaults for GMMagicSkillWnd
Log: Importing Defaults for QuestTreeWnd
Log: Importing Defaults for GMQuestWnd
Log: Importing Defaults for GMSnoopWnd
Log: Importing Defaults for WarehouseWnd
Log: Importing Defaults for GMWarehouseWnd
Log: Importing Defaults for GMWnd
Log: Importing Defaults for HennaListWnd
Log: Importing Defaults for ItemEnchantClassicWnd
Log: Importing Defaults for ItemEnchantWnd
Log: Importing Defaults for L2Util
Log: Importing Defaults for LoadingAniWnd
Log: Importing Defaults for MacroEditWnd
Log: Importing Defaults for MacroInfoWnd
Log: Importing Defaults for MacroListWnd
Log: Importing Defaults for MailBtnWnd
Log: Importing Defaults for ManorCropInfoChangeWnd
Log: Importing Defaults for ManorCropInfoSettingWnd
Log: Importing Defaults for ManorCropSellChangeWnd
Log: Importing Defaults for ManorCropSellWnd
Log: Importing Defaults for ManorInfoWnd
Log: Importing Defaults for ManorSeedInfoChangeWnd
Log: Importing Defaults for ManorSeedInfoSettingWnd
Log: Importing Defaults for ShopWnd
Log: Importing Defaults for ManorShopWnd
Log: Importing Defaults for MenuWnd
Log: Importing Defaults for MinimapWnd
Log: Importing Defaults for MinimapWnd_Expand
Log: Importing Defaults for MultiSellWnd
Log: Importing Defaults for NewDropWnd
Log: Importing Defaults for NoticeWnd
Log: Importing Defaults for ObserverWnd
Log: Importing Defaults for OMGAutoPotionsWnd
Log: Importing Defaults for OMGRadarMapWnd
Log: Importing Defaults for OMGSkillGauge
Log: Importing Defaults for OnScreenDamageWnd
Log: Importing Defaults for OptionWnd
Log: Importing Defaults for PartyWnd
Log: Importing Defaults for PartyWndCompact
Log: Importing Defaults for PCCafeEventWnd
Log: Importing Defaults for PetitionFeedBackWnd
Log: Importing Defaults for PetitionWnd
Log: Importing Defaults for PetWnd
Log: Importing Defaults for PrivateShopWnd
Log: Importing Defaults for QuestAlarmWnd
Log: Importing Defaults for QuestBtnWnd
Log: Importing Defaults for QuitReportDrawerWnd
Log: Importing Defaults for QuitReportWnd
Log: Importing Defaults for RecipeBookWnd
Log: Importing Defaults for RecipeShopWnd
Log: Importing Defaults for RecipeTreeWnd
Log: Importing Defaults for RefineryWnd
Log: Importing Defaults for RestartMenuWnd
Log: Importing Defaults for SelectDeliverWnd
Log: Importing Defaults for ServerClassicWnd
Log: Importing Defaults for ShortcutWnd
Log: Importing Defaults for SideBarWnd
Log: Importing Defaults for SiegeInfoWnd
Log: Importing Defaults for SkillTrainInfoWnd
Log: Importing Defaults for SkillTrainListWnd
Log: Importing Defaults for StatusWnd
Log: Importing Defaults for SystemMenuWnd
Log: Importing Defaults for TargetStatusWnd
Log: Importing Defaults for TeaserSlideWnd
Log: Importing Defaults for TeaserSlideWnd_cn
Log: Importing Defaults for TeaserSlideWnd_e
Log: Importing Defaults for TeaserSlideWnd_j
Log: Importing Defaults for TeaserSlideWnd_ph
Log: Importing Defaults for TeaserSlideWnd_th
Log: Importing Defaults for TeaserSlideWnd_tw
Log: Importing Defaults for TeleportLoadingWnd
Log: Importing Defaults for ToolTip
Log: Importing Defaults for TradeWnd
Log: Importing Defaults for TrueWnd
Log: Importing Defaults for TutorialBtnWnd
Log: Importing Defaults for TutorialViewerWnd
Log: Importing Defaults for UnionDetailWnd
Log: Importing Defaults for UnionWnd
Log: Importing Defaults for UnrefineryWnd
Log: Importing Defaults for UserPetitionWnd
Log: Importing Defaults for WhispAlertWnd
Log: Importing Defaults for ZoneTitleWnd
Log: Importing Defaults for BenchMarkMenuWnd
Log: Importing Defaults for BoardWnd
Log: Importing Defaults for ChatFilterWnd
Log: Importing Defaults for ClanDrawerWnd
Log: Importing Defaults for CouponEventWnd
Log: Importing Defaults for GametipWnd
Log: Importing Defaults for GuideWnd
Log: Importing Defaults for HelpHtmlWnd
Log: Importing Defaults for HennaInfoWnd
Log: Importing Defaults for HeroTowerWnd
Log: Importing Defaults for InviteClanPopWnd
Log: Importing Defaults for LoadingWnd
Log: Importing Defaults for MainWnd
Log: Importing Defaults for OlympiadBuffWnd
Log: Importing Defaults for OlympiadBuff1Wnd
Log: Importing Defaults for OlympiadBuff2Wnd
Log: Importing Defaults for OlympiadControlWnd
Log: Importing Defaults for OlympiadPlayerWnd
Log: Importing Defaults for OlympiadPlayer1Wnd
Log: Importing Defaults for OlympiadPlayer2Wnd
Log: Importing Defaults for OlympiadTargetWnd
Log: Importing Defaults for OnScreenMessageWnd
Log: Importing Defaults for PartyMatchMakeRoomWnd
Log: Importing Defaults for PartyMatchWndCommon
Log: Importing Defaults for PartyMatchOutWaitListWnd
Log: Importing Defaults for PartyMatchRoomWnd
Log: Importing Defaults for PartyMatchWaitListWnd
Log: Importing Defaults for PartyMatchWnd
Log: Importing Defaults for PartyWndOption
Log: Importing Defaults for PetStatusWnd
Log: Importing Defaults for QuestListWnd
Log: Importing Defaults for RadarContainerWnd
Log: Importing Defaults for RadarWnd
Log: Importing Defaults for RecipeBuyListWnd
Log: Importing Defaults for RecipeBuyManufactureWnd
Log: Importing Defaults for RecipeManufactureWnd
Log: Importing Defaults for ReplayListWnd
Log: Importing Defaults for ReplayLogoWnd
Log: Importing Defaults for ReplayLogoWnd_cn
Log: Importing Defaults for ReplayLogoWnd_e
Log: Importing Defaults for ReplayLogoWnd_j
Log: Importing Defaults for ReplayLogoWnd_k
Log: Importing Defaults for ReplayLogoWnd_th
Log: Importing Defaults for ReplayLogoWnd_tw
Log: Importing Defaults for Shortcut
Log: Importing Defaults for SSQMainBoard
Log: Importing Defaults for SummonedStatusWnd
Log: Importing Defaults for SummonedWnd
Log: Importing Defaults for SystemMsgWnd
Log: Importing Defaults for TownMapWnd
Log: Success: Compiled 117678 line(s), 9058 statement(s).

Log: Save=169.288972
Log: Moving 'Save.tmp' to 'Interface.u'
Log: Success - 0 error(s), 0 warning(s)
Exit: Preparing to exit.
Log: Purging garbage
Log: Unbound to Engine.dll
Log: Unbound to Core.dll
Log: Unbound to Editor.dll
Exit: Editor shut down
Log: 16815744808.3ms Unloading: Package Core
Log: 16815744808.4ms Unloading: Package Editor
Log: 16815744808.5ms Unloading: Package Engine
Log: Unbound to IpDrv.dll
Log: 16815744808.9ms Unloading: Package IpDrv
Log: 16815744808.9ms Unloading: Package UDebugMenu
Log: 16815744809.0ms Unloading: Package UWindow
Log: Unbound to ALAudio.dll
Log: 16815744809.1ms Unloading: Package ALAudio
Log: Unbound to Fire.dll
Log: 16815744809.2ms Unloading: Package Fire
Log: Unbound to NWindow.dll
Log: 16815744810.2ms Unloading: Package NWindow
Log: Unbound to EmuDev.dll
Log: 16815744810.5ms Unloading: Package EmuDev
Log: Purging Time : 0.020 sec
Log: Garbage: objects: 28628; refs: 0, destroyed: 28628, deleted: 27900, delnames: 15698
Exit: Object subsystem successfully closed.
Log: Waiting for file streaming thread to finish...
Uninitialized: Name subsystem shut down
Uninitialized: Allocation checking disabled
Uninitialized: Log file closed, 03/14/26 13:18:50
